<?xml version="1.0" encoding="UTF-8"?>
<!-- Generated by org.testng.reporters.JUnitXMLReporter -->
<testsuite hostname="LVLFCPAB000385" ignored="0" name="Test_Samsung" tests="17" failures="0" timestamp="06 Nov 2017 17:28:36 GMT" time="189.013" errors="0">
  <testcase name="setUp" time="31.489" classname="com.MyGNP_TCs.Init"/>
  <testcase name="init" time="0.197" classname="com.MyGNP_TCs.TC_1_Launch_Application"/>
  <testcase name="Validate_App_Launch" time="8.961" classname="com.MyGNP_TCs.TC_1_Launch_Application"/>
  <testcase name="Accept_TnC" time="10.32" classname="com.MyGNP_TCs.TC_1_Launch_Application"/>
  <testcase name="Validate_Google_Device_Settings" time="11.153" classname="com.MyGNP_TCs.TC_1_Launch_Application"/>
  <testcase name="Google_Accept_TnC" time="12.236" classname="com.MyGNP_TCs.TC_1_Launch_Application"/>
  <testcase name="Validate_HomePage" time="13.122" classname="com.MyGNP_TCs.TC_1_Launch_Application"/>
  <testcase name="init" time="0.01" classname="com.MyGNP_TCs.TC_2_Choose_Pharmacy"/>
  <testcase name="Choose_Pharmacy" time="12.314" classname="com.MyGNP_TCs.TC_2_Choose_Pharmacy"/>
  <testcase name="validate_Store_Locator_Display" time="13.513" classname="com.MyGNP_TCs.TC_2_Choose_Pharmacy"/>
  <testcase name="enter_zip_store_locator" time="21.856" classname="com.MyGNP_TCs.TC_2_Choose_Pharmacy"/>
  <testcase name="navtolistview" time="10.0" classname="com.MyGNP_TCs.TC_2_Choose_Pharmacy"/>
  <testcase name="tap_pharmacy" time="9.96" classname="com.MyGNP_TCs.TC_2_Choose_Pharmacy"/>
  <testcase name="validate_my_pharmacy_view" time="9.255" classname="com.MyGNP_TCs.TC_2_Choose_Pharmacy"/>
  <testcase name="select_preferred" time="9.052" classname="com.MyGNP_TCs.TC_2_Choose_Pharmacy"/>
  <testcase name="select_popup" time="11.159" classname="com.MyGNP_TCs.TC_2_Choose_Pharmacy"/>
  <testcase name="teardown" time="4.333" classname="com.MyGNP_TCs.Teardown"/>
</testsuite> <!-- Test_Samsung -->
