<?xml version="1.0" encoding="UTF-8"?>
<!-- Generated by org.testng.reporters.JUnitXMLReporter -->
<testsuite hostname="LVLFCPAB000385" ignored="0" name="Test" tests="16" failures="0" timestamp="26 Jul 2017 14:35:03 GMT" time="161.406" errors="0">
  <testcase name="setUp" time="25.295" classname="com.MyGNP_TCs.TC_0_Init"/>
  <testcase name="init" time="0.033" classname="com.MyGNP_TCs.TC_1_Launch_Application"/>
  <testcase name="Validate_App_Launch" time="8.246" classname="com.MyGNP_TCs.TC_1_Launch_Application"/>
  <testcase name="Accept_TnC" time="11.953" classname="com.MyGNP_TCs.TC_1_Launch_Application"/>
  <testcase name="Validate_Google_Device_Settings" time="10.164" classname="com.MyGNP_TCs.TC_1_Launch_Application"/>
  <testcase name="Google_Accept_TnC" time="11.031" classname="com.MyGNP_TCs.TC_1_Launch_Application"/>
  <testcase name="Validate_HomePage" time="10.536" classname="com.MyGNP_TCs.TC_1_Launch_Application"/>
  <testcase name="init" time="0.009" classname="com.MyGNP_TCs.TC_2_Choose_Pharmacy"/>
  <testcase name="Choose_Pharmacy" time="10.332" classname="com.MyGNP_TCs.TC_2_Choose_Pharmacy"/>
  <testcase name="validate_Store_Locator_Display" time="11.354" classname="com.MyGNP_TCs.TC_2_Choose_Pharmacy"/>
  <testcase name="enter_zip_store_locator" time="19.225" classname="com.MyGNP_TCs.TC_2_Choose_Pharmacy"/>
  <testcase name="navtolistview" time="8.837" classname="com.MyGNP_TCs.TC_2_Choose_Pharmacy"/>
  <testcase name="tap_pharmacy" time="9.304" classname="com.MyGNP_TCs.TC_2_Choose_Pharmacy"/>
  <testcase name="validate_my_pharmacy_view" time="9.099" classname="com.MyGNP_TCs.TC_2_Choose_Pharmacy"/>
  <testcase name="select_preferred" time="8.624" classname="com.MyGNP_TCs.TC_2_Choose_Pharmacy"/>
  <testcase name="select_popup" time="7.296" classname="com.MyGNP_TCs.TC_2_Choose_Pharmacy"/>
</testsuite> <!-- Test -->
