<?xml version="1.0" encoding="UTF-8"?>
<!-- Generated by org.testng.reporters.JUnitXMLReporter -->
<testsuite hostname="LVLFCPAB000385" ignored="0" name="Test_Samsung" tests="17" failures="0" timestamp="14 Aug 2017 16:36:43 GMT" time="242.194" errors="0">
  <testcase name="setUp" time="27.05" classname="com.MyGNP_TCs.Init"/>
  <testcase name="init" time="0.003" classname="com.MyGNP_TCs.TC_1_Launch_Application"/>
  <testcase name="Validate_App_Launch" time="8.049" classname="com.MyGNP_TCs.TC_1_Launch_Application"/>
  <testcase name="Accept_TnC" time="11.95" classname="com.MyGNP_TCs.TC_1_Launch_Application"/>
  <testcase name="Validate_Google_Device_Settings" time="10.977" classname="com.MyGNP_TCs.TC_1_Launch_Application"/>
  <testcase name="Google_Accept_TnC" time="11.033" classname="com.MyGNP_TCs.TC_1_Launch_Application"/>
  <testcase name="Validate_HomePage" time="10.987" classname="com.MyGNP_TCs.TC_1_Launch_Application"/>
  <testcase name="init" time="0.011" classname="com.MyGNP_TCs.TC_2_Choose_Pharmacy"/>
  <testcase name="Choose_Pharmacy" time="13.355" classname="com.MyGNP_TCs.TC_2_Choose_Pharmacy"/>
  <testcase name="validate_Store_Locator_Display" time="12.008" classname="com.MyGNP_TCs.TC_2_Choose_Pharmacy"/>
  <testcase name="enter_zip_store_locator" time="21.34" classname="com.MyGNP_TCs.TC_2_Choose_Pharmacy"/>
  <testcase name="navtolistview" time="8.783" classname="com.MyGNP_TCs.TC_2_Choose_Pharmacy"/>
  <testcase name="tap_pharmacy" time="9.197" classname="com.MyGNP_TCs.TC_2_Choose_Pharmacy"/>
  <testcase name="validate_my_pharmacy_view" time="32.794" classname="com.MyGNP_TCs.TC_2_Choose_Pharmacy"/>
  <testcase name="select_preferred" time="31.054" classname="com.MyGNP_TCs.TC_2_Choose_Pharmacy"/>
  <testcase name="select_popup" time="30.486" classname="com.MyGNP_TCs.TC_2_Choose_Pharmacy"/>
  <testcase name="teardown" time="3.079" classname="com.MyGNP_TCs.Teardown"/>
</testsuite> <!-- Test_Samsung -->
